"/Applications/CS Applications/CLion 2.app/Contents/bin/cmake/mac/bin/cmake" -DCMAKE_BUILD_TYPE=Debug -G "CodeBlocks - Unix Makefiles" /Users/ricklattin/Documents/GitHub/21s-pa04-lattiric
CMake Warning at /Applications/CS Applications/CLion 2.app/Contents/bin/cmake/mac/share/cmake-3.21/Modules/Platform/Darwin-Initialize.cmake:303 (message):
  Ignoring CMAKE_OSX_SYSROOT value:

   /Library/Developer/CommandLineTools/SDKs/MacOSX11.1.sdk

  because the directory does not exist.
Call Stack (most recent call first):
  /Applications/CS Applications/CLion 2.app/Contents/bin/cmake/mac/share/cmake-3.21/Modules/CMakeSystemSpecificInitialize.cmake:21 (include)
  CMakeLists.txt:2 (project)


-- The C compiler identification is AppleClang 13.0.0.13000029
-- The CXX compiler identification is AppleClang 13.0.0.13000029
-- Detecting C compiler ABI info
-- Detecting C compiler ABI info - failed
-- Check for working C compiler: /Library/Developer/CommandLineTools/usr/bin/cc
-- Check for working C compiler: /Library/Developer/CommandLineTools/usr/bin/cc - broken
CMake Error at /Applications/CS Applications/CLion 2.app/Contents/bin/cmake/mac/share/cmake-3.21/Modules/CMakeTestCCompiler.cmake:69 (message):
  The C compiler

    "/Library/Developer/CommandLineTools/usr/bin/cc"

  is not able to compile a simple test program.

  It fails with the following output:

    Change Dir: /Users/ricklattin/Documents/GitHub/21s-pa04-lattiric/cmake-build-debug/CMakeFiles/CMakeTmp
    
    Run Build Command(s):/usr/bin/make -f Makefile cmTC_4dc9b/fast && /Library/Developer/CommandLineTools/usr/bin/make  -f CMakeFiles/cmTC_4dc9b.dir/build.make CMakeFiles/cmTC_4dc9b.dir/build
    Building C object CMakeFiles/cmTC_4dc9b.dir/testCCompiler.c.o
    /Library/Developer/CommandLineTools/usr/bin/cc   -mmacosx-version-min=11.6 -MD -MT CMakeFiles/cmTC_4dc9b.dir/testCCompiler.c.o -MF CMakeFiles/cmTC_4dc9b.dir/testCCompiler.c.o.d -o CMakeFiles/cmTC_4dc9b.dir/testCCompiler.c.o -c /Users/ricklattin/Documents/GitHub/21s-pa04-lattiric/cmake-build-debug/CMakeFiles/CMakeTmp/testCCompiler.c
    Linking C executable cmTC_4dc9b
    "/Applications/CS Applications/CLion 2.app/Contents/bin/cmake/mac/bin/cmake" -E cmake_link_script CMakeFiles/cmTC_4dc9b.dir/link.txt --verbose=1
    /Library/Developer/CommandLineTools/usr/bin/cc  -mmacosx-version-min=11.6 -Wl,-search_paths_first -Wl,-headerpad_max_install_names CMakeFiles/cmTC_4dc9b.dir/testCCompiler.c.o -o cmTC_4dc9b 
    ld: library not found for -lSystem
    clang: error: linker command failed with exit code 1 (use -v to see invocation)
    make[1]: *** [cmTC_4dc9b] Error 1
    make: *** [cmTC_4dc9b/fast] Error 2
    
    

  

  CMake will not be able to correctly generate this project.
Call Stack (most recent call first):
  CMakeLists.txt:2 (project)


-- Configuring incomplete, errors occurred!
See also "/Users/ricklattin/Documents/GitHub/21s-pa04-lattiric/cmake-build-debug/CMakeFiles/CMakeOutput.log".
See also "/Users/ricklattin/Documents/GitHub/21s-pa04-lattiric/cmake-build-debug/CMakeFiles/CMakeError.log".
